This is pdfTeX, Version 3.14159265-2.6-1.40.20 (TeX Live 2019/Debian) (preloaded format=pdflatex 2021.12.11)  13 MAR 2022 21:45
entering extended mode
 restricted \write18 enabled.
 file:line:error style messages enabled.
 %&-line parsing enabled.
**/home/mackesmilian/Documents/FH/BACC/bachelorarbeit/src/main.tex
(/home/mackesmilian/Documents/FH/BACC/bachelorarbeit/src/main.tex
LaTeX2e <2020-02-02> patch level 2
L3 programming layer <2020-02-14> (/usr/share/texlive/texmf-dist/tex/latex/base/article.cls
Document Class: article 2019/12/20 v1.4l Standard LaTeX document class
(/usr/share/texlive/texmf-dist/tex/latex/base/size11.clo
File: size11.clo 2019/12/20 v1.4l Standard LaTeX file (size option)
)
\c@part=\count167
\c@section=\count168
\c@subsection=\count169
\c@subsubsection=\count170
\c@paragraph=\count171
\c@subparagraph=\count172
\c@figure=\count173
\c@table=\count174
\abovecaptionskip=\skip47
\belowcaptionskip=\skip48
\bibindent=\dimen134
) (/usr/share/texlive/texmf-dist/tex/latex/graphics/graphicx.sty
Package: graphicx 2019/11/30 v1.2a Enhanced LaTeX Graphics (DPC,SPQR)
 (/usr/share/texlive/texmf-dist/tex/latex/graphics/keyval.sty
Package: keyval 2014/10/28 v1.15 key=value parser (DPC)
\KV@toks@=\toks14
) (/usr/share/texlive/texmf-dist/tex/latex/graphics/graphics.sty
Package: graphics 2019/11/30 v1.4a Standard LaTeX Graphics (DPC,SPQR)
 (/usr/share/texlive/texmf-dist/tex/latex/graphics/trig.sty
Package: trig 2016/01/03 v1.10 sin cos tan (DPC)
) (/usr/share/texlive/texmf-dist/tex/latex/graphics-cfg/graphics.cfg
File: graphics.cfg 2016/06/04 v1.11 sample graphics configuration
)
Package graphics Info: Driver file: pdftex.def on input line 105.
 (/usr/share/texlive/texmf-dist/tex/latex/graphics-def/pdftex.def
File: pdftex.def 2018/01/08 v1.0l Graphics/color driver for pdftex
))
\Gin@req@height=\dimen135
\Gin@req@width=\dimen136
) (/usr/share/texlive/texmf-dist/tex/latex/tools/xr.sty
Package: xr 2019/07/22 v5.05 eXternal References (DPC)
) (/usr/share/texlive/texmf-dist/tex/generic/babel/babel.sty
Package: babel 2020/02/14 3.40 The Babel package
 (/usr/share/texlive/texmf-dist/tex/generic/babel/switch.def
File: switch.def 2020/02/14 3.40 Babel switching mechanism
) (/usr/share/texlive/texmf-dist/tex/generic/babel-english/english.ldf
Language: english 2017/06/06 v3.3r English support from the babel system
 (/usr/share/texlive/texmf-dist/tex/generic/babel/babel.def
File: babel.def 2020/02/14 3.40 Babel common definitions
\babel@savecnt=\count175
\U@D=\dimen137
 (/usr/share/texlive/texmf-dist/tex/generic/babel/txtbabel.def)
\bbl@readstream=\read2
\bbl@dirlevel=\count176
)
Package babel Info: \l@canadian = using hyphenrules for english
(babel)             (\language0) on input line 102.
Package babel Info: \l@australian = using hyphenrules for ukenglish
(babel)             (\language18) on input line 105.
Package babel Info: \l@newzealand = using hyphenrules for ukenglish
(babel)             (\language18) on input line 108.
)) (/usr/share/texlive/texmf-dist/tex/latex/biblatex/biblatex.sty
Package: biblatex 2019/12/01 v3.14 programmable bibliographies (PK/MW)
 (/usr/share/texlive/texmf-dist/tex/latex/pdftexcmds/pdftexcmds.sty
Package: pdftexcmds 2019/11/24 v0.31 Utility functions of pdfTeX for LuaTeX (HO)
 (/usr/share/texlive/texmf-dist/tex/generic/infwarerr/infwarerr.sty
Package: infwarerr 2019/12/03 v1.5 Providing info/warning/error messages (HO)
) (/usr/share/texlive/texmf-dist/tex/generic/iftex/iftex.sty
Package: iftex 2019/11/07 v1.0c TeX engine tests
) (/usr/share/texlive/texmf-dist/tex/generic/ltxcmds/ltxcmds.sty
Package: ltxcmds 2019/12/15 v1.24 LaTeX kernel commands for general use (HO)
)
Package pdftexcmds Info: \pdf@primitive is available.
Package pdftexcmds Info: \pdf@ifprimitive is available.
Package pdftexcmds Info: \pdfdraftmode found.
) (/usr/share/texlive/texmf-dist/tex/latex/etoolbox/etoolbox.sty
Package: etoolbox 2019/09/21 v2.5h e-TeX tools for LaTeX (JAW)
\etb@tempcnta=\count177
) (/usr/share/texlive/texmf-dist/tex/latex/kvoptions/kvoptions.sty
Package: kvoptions 2019/11/29 v3.13 Key value format for package options (HO)
 (/usr/share/texlive/texmf-dist/tex/generic/kvsetkeys/kvsetkeys.sty
Package: kvsetkeys 2019/12/15 v1.18 Key value parser (HO)
)) (/usr/share/texlive/texmf-dist/tex/latex/logreq/logreq.sty
Package: logreq 2010/08/04 v1.0 xml request logger
\lrq@indent=\count178
 (/usr/share/texlive/texmf-dist/tex/latex/logreq/logreq.def
File: logreq.def 2010/08/04 v1.0 logreq spec v1.0
)) (/usr/share/texlive/texmf-dist/tex/latex/base/ifthen.sty
Package: ifthen 2014/09/29 v1.1c Standard LaTeX ifthen package (DPC)
) (/usr/share/texlive/texmf-dist/tex/latex/url/url.sty
\Urlmuskip=\muskip16
Package: url 2013/09/16  ver 3.4  Verb mode for urls, etc.
)
\c@tabx@nest=\count179
\c@listtotal=\count180
\c@listcount=\count181
\c@liststart=\count182
\c@liststop=\count183
\c@citecount=\count184
\c@citetotal=\count185
\c@multicitecount=\count186
\c@multicitetotal=\count187
\c@instcount=\count188
\c@maxnames=\count189
\c@minnames=\count190
\c@maxitems=\count191
\c@minitems=\count192
\c@citecounter=\count193
\c@maxcitecounter=\count194
\c@savedcitecounter=\count195
\c@uniquelist=\count196
\c@uniquename=\count197
\c@refsection=\count198
\c@refsegment=\count199
\c@maxextratitle=\count266
\c@maxextratitleyear=\count267
\c@maxextraname=\count268
\c@maxextradate=\count269
\c@maxextraalpha=\count270
\c@abbrvpenalty=\count271
\c@highnamepenalty=\count272
\c@lownamepenalty=\count273
\c@maxparens=\count274
\c@parenlevel=\count275
\blx@tempcnta=\count276
\blx@tempcntb=\count277
\blx@tempcntc=\count278
\blx@maxsection=\count279
\blx@maxsegment@0=\count280
\blx@notetype=\count281
\blx@parenlevel@text=\count282
\blx@parenlevel@foot=\count283
\blx@sectionciteorder@0=\count284
\blx@entrysetcounter=\count285
\labelnumberwidth=\skip49
\labelalphawidth=\skip50
\biblabelsep=\skip51
\bibitemsep=\skip52
\bibnamesep=\skip53
\bibinitsep=\skip54
\bibparsep=\skip55
\bibhang=\skip56
\blx@bcfin=\read3
\blx@bcfout=\write3
\blx@langwohyphens=\language85
\c@mincomprange=\count286
\c@maxcomprange=\count287
\c@mincompwidth=\count288
Package biblatex Info: Trying to load biblatex default data model...
Package biblatex Info: ... file 'blx-dm.def' found.
 (/usr/share/texlive/texmf-dist/tex/latex/biblatex/blx-dm.def
File: blx-dm.def 2019/12/01 v3.14 biblatex localization (PK/MW)
)
Package biblatex Info: Trying to load biblatex style data model...
Package biblatex Info: ... file 'apa.dbx' found.
 (/usr/share/texlive/texmf-dist/tex/latex/biblatex-apa/apa.dbx
File: apa.dbx 2020/02/01 v9.5 APA biblatex style data model
)
Package biblatex Info: Trying to load biblatex custom data model...
Package biblatex Info: ... file 'biblatex-dm.cfg' not found.
\c@afterword=\count289
\c@savedafterword=\count290
\c@annotator=\count291
\c@savedannotator=\count292
\c@author=\count293
\c@savedauthor=\count294
\c@bookauthor=\count295
\c@savedbookauthor=\count296
\c@commentator=\count297
\c@savedcommentator=\count298
\c@editor=\count299
\c@savededitor=\count300
\c@editora=\count301
\c@savededitora=\count302
\c@editorb=\count303
\c@savededitorb=\count304
\c@editorc=\count305
\c@savededitorc=\count306
\c@foreword=\count307
\c@savedforeword=\count308
\c@holder=\count309
\c@savedholder=\count310
\c@introduction=\count311
\c@savedintroduction=\count312
\c@namea=\count313
\c@savednamea=\count314
\c@nameb=\count315
\c@savednameb=\count316
\c@namec=\count317
\c@savednamec=\count318
\c@translator=\count319
\c@savedtranslator=\count320
\c@shortauthor=\count321
\c@savedshortauthor=\count322
\c@shorteditor=\count323
\c@savedshorteditor=\count324
\c@groupauthor=\count325
\c@savedgroupauthor=\count326
\c@narrator=\count327
\c@savednarrator=\count328
\c@execproducer=\count329
\c@savedexecproducer=\count330
\c@execdirector=\count331
\c@savedexecdirector=\count332
\c@with=\count333
\c@savedwith=\count334
\c@labelname=\count335
\c@savedlabelname=\count336
\c@institution=\count337
\c@savedinstitution=\count338
\c@lista=\count339
\c@savedlista=\count340
\c@listb=\count341
\c@savedlistb=\count342
\c@listc=\count343
\c@savedlistc=\count344
\c@listd=\count345
\c@savedlistd=\count346
\c@liste=\count347
\c@savedliste=\count348
\c@listf=\count349
\c@savedlistf=\count350
\c@location=\count351
\c@savedlocation=\count352
\c@organization=\count353
\c@savedorganization=\count354
\c@origlocation=\count355
\c@savedoriglocation=\count356
\c@origpublisher=\count357
\c@savedorigpublisher=\count358
\c@publisher=\count359
\c@savedpublisher=\count360
\c@language=\count361
\c@savedlanguage=\count362
\c@origlanguage=\count363
\c@savedoriglanguage=\count364
\c@citation=\count365
\c@savedcitation=\count366
\c@pageref=\count367
\c@savedpageref=\count368
\shorthandwidth=\skip57
\shortjournalwidth=\skip58
\shortserieswidth=\skip59
\shorttitlewidth=\skip60
\shortauthorwidth=\skip61
\shorteditorwidth=\skip62
\locallabelnumberwidth=\skip63
\locallabelalphawidth=\skip64
\localshorthandwidth=\skip65
\localshortjournalwidth=\skip66
\localshortserieswidth=\skip67
\localshorttitlewidth=\skip68
\localshortauthorwidth=\skip69
\localshorteditorwidth=\skip70
Package biblatex Info: Trying to load compatibility code...
Package biblatex Info: ... file 'blx-compat.def' found.
 (/usr/share/texlive/texmf-dist/tex/latex/biblatex/blx-compat.def
File: blx-compat.def 2019/12/01 v3.14 biblatex compatibility (PK/MW)
)
Package biblatex Info: Trying to load generic definitions...
Package biblatex Info: ... file 'biblatex.def' found.
 (/usr/share/texlive/texmf-dist/tex/latex/biblatex/biblatex.def
File: biblatex.def 2019/12/01 v3.14 biblatex compatibility (PK/MW)
\c@textcitecount=\count369
\c@textcitetotal=\count370
\c@textcitemaxnames=\count371
\c@biburlbigbreakpenalty=\count372
\c@biburlbreakpenalty=\count373
\c@biburlnumpenalty=\count374
\c@biburlucpenalty=\count375
\c@biburllcpenalty=\count376
\biburlbigskip=\muskip17
\biburlnumskip=\muskip18
\biburlucskip=\muskip19
\biburllcskip=\muskip20
\c@smartand=\count377
)
Package biblatex Info: Trying to load bibliography style 'apa'...
Package biblatex Info: ... file 'apa.bbx' found.
 (/usr/share/texlive/texmf-dist/tex/latex/biblatex-apa/apa.bbx
File: apa.bbx 2020/02/01 v9.5 APA biblatex references style
Package biblatex Info: Trying to load bibliography style 'standard'...
Package biblatex Info: ... file 'standard.bbx' found.
 (/usr/share/texlive/texmf-dist/tex/latex/biblatex/bbx/standard.bbx
File: standard.bbx 2019/12/01 v3.14 biblatex bibliography style (PK/MW)
\c@bbx:relatedcount=\count378
\c@bbx:relatedtotal=\count379
))
Package biblatex Info: Trying to load citation style 'apa'...
Package biblatex Info: ... file 'apa.cbx' found.
 (/usr/share/texlive/texmf-dist/tex/latex/biblatex-apa/apa.cbx
File: apa.cbx 2020/02/01 v9.5 APA biblatex citation style
Package biblatex Info: Delimiter 'nameyeardelim' in context '' already defined, overwriting.
Package biblatex Info: Delimiter 'nameyeardelim' in context 'textcite' already defined, overwriting.
Package biblatex Info: Delimiter 'andothersdelim' in context '' already defined, overwriting.
Package biblatex Info: Redefining '\parencite'.
Package biblatex Info: Redefining '\fullcite'.
Package biblatex Info: Redefining '\citeyear'.
Package biblatex Info: Redefining '\cite'.
Package biblatex Info: Redefining '\footcite'.
Package biblatex Info: Redefining '\textcites'.
Package biblatex Info: Redefining '\cites'.
Package biblatex Info: Redefining '\parencites'.
Package biblatex Info: Redefining '\footcites'.
Package biblatex Info: Redefining '\footcitetexts'.
Package biblatex Info: Redefining '\smartcites'.
Package biblatex Info: Redefining '\textcite'.
Package biblatex Info: Redefining '\citeauthor'.
)
Package biblatex Info: Trying to load configuration file...
Package biblatex Info: ... file 'biblatex.cfg' found.
 (/usr/share/texlive/texmf-dist/tex/latex/biblatex/biblatex.cfg
File: biblatex.cfg 
)) (/usr/share/texlive/texmf-dist/tex/latex/float/float.sty
Package: float 2001/11/08 v1.3d Float enhancements (AL)
\c@float@type=\count380
\float@exts=\toks15
\float@box=\box45
\@float@everytoks=\toks16
\@floatcapt=\box46
) (/usr/share/texlive/texmf-dist/tex/latex/listings/listings.sty
\lst@mode=\count381
\lst@gtempboxa=\box47
\lst@token=\toks17
\lst@length=\count382
\lst@currlwidth=\dimen138
\lst@column=\count383
\lst@pos=\count384
\lst@lostspace=\dimen139
\lst@width=\dimen140
\lst@newlines=\count385
\lst@lineno=\count386
\lst@maxwidth=\dimen141
 (/usr/share/texlive/texmf-dist/tex/latex/listings/lstmisc.sty
File: lstmisc.sty 2019/09/10 1.8c (Carsten Heinz)
\c@lstnumber=\count387
\lst@skipnumbers=\count388
\lst@framebox=\box48
) (/usr/share/texlive/texmf-dist/tex/latex/listings/listings.cfg
File: listings.cfg 2019/09/10 1.8c listings configuration
))
Package: listings 2019/09/10 1.8c (Carsten Heinz)
 (/usr/share/texlive/texmf-dist/tex/latex/xcolor/xcolor.sty
Package: xcolor 2016/05/11 v2.12 LaTeX color extensions (UK)
 (/usr/share/texlive/texmf-dist/tex/latex/graphics-cfg/color.cfg
File: color.cfg 2016/01/02 v1.6 sample color configuration
)
Package xcolor Info: Driver file: pdftex.def on input line 225.
Package xcolor Info: Model `cmy' substituted by `cmy0' on input line 1348.
Package xcolor Info: Model `hsb' substituted by `rgb' on input line 1352.
Package xcolor Info: Model `RGB' extended on input line 1364.
Package xcolor Info: Model `HTML' substituted by `rgb' on input line 1366.
Package xcolor Info: Model `Hsb' substituted by `hsb' on input line 1367.
Package xcolor Info: Model `tHsb' substituted by `hsb' on input line 1368.
Package xcolor Info: Model `HSB' substituted by `hsb' on input line 1369.
Package xcolor Info: Model `Gray' substituted by `gray' on input line 1370.
Package xcolor Info: Model `wave' substituted by `hsb' on input line 1371.
) (/usr/share/texlive/texmf-dist/tex/latex/base/fontenc.sty
Package: fontenc 2020/02/11 v2.0o Standard LaTeX package
) (/usr/share/texlive/texmf-dist/tex/latex/csquotes/csquotes.sty
Package: csquotes 2019-12-06 v5.2j context-sensitive quotations (JAW)
\csq@reset=\count389
\csq@gtype=\count390
\csq@glevel=\count391
\csq@qlevel=\count392
\csq@maxlvl=\count393
\csq@tshold=\count394
\csq@ltx@everypar=\toks18
 (/usr/share/texlive/texmf-dist/tex/latex/csquotes/csquotes.def
File: csquotes.def 2019-12-06 v5.2j csquotes generic definitions (JAW)
)
Package csquotes Info: Trying to load configuration file 'csquotes.cfg'...
Package csquotes Info: ... configuration file loaded successfully.
 (/usr/share/texlive/texmf-dist/tex/latex/csquotes/csquotes.cfg
File: csquotes.cfg 
))
Package csquotes Info: Checking for multilingual support...
Package csquotes Info: ... found 'babel' package.
Package csquotes Info: Adjusting default style.
Package csquotes Info: Redefining alias 'default' -> 'english'.
 (/usr/share/texlive/texmf-dist/tex/latex/l3backend/l3backend-pdfmode.def
File: l3backend-pdfmode.def 2020-02-03 L3 backend support: PDF mode
\l__kernel_color_stack_int=\count395
\l__pdf_internal_box=\box49
) (/home/mackesmilian/Documents/FH/BACC/bachelorarbeit/src/main.aux)
\openout1 = `main.aux'.

LaTeX Font Info:    Checking defaults for OML/cmm/m/it on input line 50.
LaTeX Font Info:    ... okay on input line 50.
LaTeX Font Info:    Checking defaults for OMS/cmsy/m/n on input line 50.
LaTeX Font Info:    ... okay on input line 50.
LaTeX Font Info:    Checking defaults for OT1/cmr/m/n on input line 50.
LaTeX Font Info:    ... okay on input line 50.
LaTeX Font Info:    Checking defaults for T1/cmr/m/n on input line 50.
LaTeX Font Info:    ... okay on input line 50.
LaTeX Font Info:    Checking defaults for TS1/cmr/m/n on input line 50.
LaTeX Font Info:    ... okay on input line 50.
LaTeX Font Info:    Checking defaults for OMX/cmex/m/n on input line 50.
LaTeX Font Info:    ... okay on input line 50.
LaTeX Font Info:    Checking defaults for U/cmr/m/n on input line 50.
LaTeX Font Info:    ... okay on input line 50.
 (/usr/share/texlive/texmf-dist/tex/context/base/mkii/supp-pdf.mkii
[Loading MPS to PDF converter (version 2006.09.02).]
\scratchcounter=\count396
\scratchdimen=\dimen142
\scratchbox=\box50
\nofMPsegments=\count397
\nofMParguments=\count398
\everyMPshowfont=\toks19
\MPscratchCnt=\count399
\MPscratchDim=\dimen143
\MPnumerator=\count400
\makeMPintoPDFobject=\count401
\everyMPtoPDFconversion=\toks20
) (/usr/share/texlive/texmf-dist/tex/latex/epstopdf-pkg/epstopdf-base.sty
Package: epstopdf-base 2020-01-24 v2.11 Base part for package epstopdf
Package epstopdf-base Info: Redefining graphics rule for `.eps' on input line 485.
 (/usr/share/texlive/texmf-dist/tex/latex/latexconfig/epstopdf-sys.cfg
File: epstopdf-sys.cfg 2010/07/13 v1.3 Configuration of (r)epstopdf for TeX Live
))
Package biblatex Info: Trying to load language 'english' -> 'english-apa'...
Package biblatex Info: ... file 'english-apa.lbx' found.
 (/usr/share/texlive/texmf-dist/tex/latex/biblatex-apa/english-apa.lbx
File: english-apa.lbx 2020/02/01 v9.5 APA biblatex localisation
Package biblatex Info: Trying to load language 'english'...
Package biblatex Info: ... file 'english.lbx' found.
 (/usr/share/texlive/texmf-dist/tex/latex/biblatex/lbx/english.lbx
File: english.lbx 2019/12/01 v3.14 biblatex localization (PK/MW)
)
Package biblatex Info: Trying to load language 'american' -> 'american-apa'...
Package biblatex Info: ... file 'american-apa.lbx' found.
 (/usr/share/texlive/texmf-dist/tex/latex/biblatex-apa/american-apa.lbx
File: american-apa.lbx 2020/02/01 v9.5 APA biblatex localisation
Package biblatex Info: Trying to load language 'american'...
Package biblatex Info: ... file 'american.lbx' found.
 (/usr/share/texlive/texmf-dist/tex/latex/biblatex/lbx/american.lbx
File: american.lbx 2019/12/01 v3.14 biblatex localization (PK/MW)
Package biblatex Info: Trying to load language 'english'...
Package biblatex Info: ... file 'english.lbx' found.
 (/usr/share/texlive/texmf-dist/tex/latex/biblatex/lbx/english.lbx
File: english.lbx 2019/12/01 v3.14 biblatex localization (PK/MW)
))))
Package biblatex Info: Input encoding 'utf8' detected.
Package biblatex Info: Automatic encoding selection.
(biblatex)             Assuming data encoding 'utf8'.
\openout3 = `main.bcf'.

Package biblatex Info: Trying to load bibliographic data...
Package biblatex Info: ... file 'main.bbl' found.
 (/home/mackesmilian/Documents/FH/BACC/bachelorarbeit/src/main.bbl)
Package biblatex Info: Reference section=0 on input line 50.
Package biblatex Info: Reference segment=0 on input line 50.
\c@lstlisting=\count402
LaTeX Font Info:    External font `cmex10' loaded for size
(Font)              <12> on input line 52.
LaTeX Font Info:    External font `cmex10' loaded for size
(Font)              <8> on input line 52.
LaTeX Font Info:    External font `cmex10' loaded for size
(Font)              <6> on input line 52.
 [1

{/var/lib/texmf/fonts/map/pdftex/updmap/pdftex.map}] (/home/mackesmilian/Documents/FH/BACC/bachelorarbeit/src/main.toc
LaTeX Font Info:    External font `cmex10' loaded for size
(Font)              <10.95> on input line 6.
)
\tf@toc=\write4
\openout4 = `main.toc'.

 [2] (/home/mackesmilian/Documents/FH/BACC/bachelorarbeit/src/what-is-electron.tex
</home/mackesmilian/Documents/FH/BACC/bachelorarbeit/src/images/electron-architecture.png, id=14, 588.1975pt x 237.88875pt>
File: /home/mackesmilian/Documents/FH/BACC/bachelorarbeit/src/images/electron-architecture.png Graphic file (type png)
<use /home/mackesmilian/Documents/FH/BACC/bachelorarbeit/src/images/electron-architecture.png>
Package pdftex.def Info: /home/mackesmilian/Documents/FH/BACC/bachelorarbeit/src/images/electron-architecture.png  used on input line 22.
(pdftex.def)             Requested size: 360.0pt x 145.59831pt.
 [3]) (/home/mackesmilian/Documents/FH/BACC/bachelorarbeit/src/why-use-electron.tex [4 </home/mackesmilian/Documents/FH/BACC/bachelorarbeit/src/images/electron-architecture.png>] [5]
</home/mackesmilian/Documents/FH/BACC/bachelorarbeit/src/images/number-of-internet-users.png, id=28, 1003.75pt x 745.78625pt>
File: /home/mackesmilian/Documents/FH/BACC/bachelorarbeit/src/images/number-of-internet-users.png Graphic file (type png)
<use /home/mackesmilian/Documents/FH/BACC/bachelorarbeit/src/images/number-of-internet-users.png>
Package pdftex.def Info: /home/mackesmilian/Documents/FH/BACC/bachelorarbeit/src/images/number-of-internet-users.png  used on input line 39.
(pdftex.def)             Requested size: 288.0011pt x 213.98514pt.
</home/mackesmilian/Documents/FH/BACC/bachelorarbeit/src/images/internet-connection-speed.png, id=29, 1003.75pt x 745.78625pt>
File: /home/mackesmilian/Documents/FH/BACC/bachelorarbeit/src/images/internet-connection-speed.png Graphic file (type png)
<use /home/mackesmilian/Documents/FH/BACC/bachelorarbeit/src/images/internet-connection-speed.png>
Package pdftex.def Info: /home/mackesmilian/Documents/FH/BACC/bachelorarbeit/src/images/internet-connection-speed.png  used on input line 47.
(pdftex.def)             Requested size: 288.0011pt x 213.98514pt.
 [6 </home/mackesmilian/Documents/FH/BACC/bachelorarbeit/src/images/number-of-internet-users.png>]) (/home/mackesmilian/Documents/FH/BACC/bachelorarbeit/src/why-use-electron-desktop.tex [7 </home/mackesmilian/Documents/FH/BACC/bachelorarbeit/src/images/internet-connection-speed.png>]) (/home/mackesmilian/Documents/FH/BACC/bachelorarbeit/src/why-use-electron-web.tex

Package xr Warning: 
No file main.tex.aux
LABELS NOT IMPORTED.
 on input line 1.

[8]) (/home/mackesmilian/Documents/FH/BACC/bachelorarbeit/src/why-use-electron-solution.tex

Package xr Warning: 
No file main.tex.aux
LABELS NOT IMPORTED.
 on input line 1.

[9]) (/home/mackesmilian/Documents/FH/BACC/bachelorarbeit/src/method.tex

Package xr Warning: 
No file main.tex.aux
LABELS NOT IMPORTED.
 on input line 1.

) (/home/mackesmilian/Documents/FH/BACC/bachelorarbeit/src/method-project-outline.tex

Package xr Warning: 
No file main.tex.aux
LABELS NOT IMPORTED.
 on input line 1.

[10]) (/home/mackesmilian/Documents/FH/BACC/bachelorarbeit/src/method-technological.tex

Package xr Warning: 
No file main.tex.aux
LABELS NOT IMPORTED.
 on input line 1.

[11]
</home/mackesmilian/Documents/FH/BACC/bachelorarbeit/src/images/pze-class-diagram.png, id=52, 3639.5975pt x 2228.325pt>
File: /home/mackesmilian/Documents/FH/BACC/bachelorarbeit/src/images/pze-class-diagram.png Graphic file (type png)
<use /home/mackesmilian/Documents/FH/BACC/bachelorarbeit/src/images/pze-class-diagram.png>
Package pdftex.def Info: /home/mackesmilian/Documents/FH/BACC/bachelorarbeit/src/images/pze-class-diagram.png  used on input line 29.
(pdftex.def)             Requested size: 360.0pt x 220.39745pt.
 [12] [13 </home/mackesmilian/Documents/FH/BACC/bachelorarbeit/src/images/pze-class-diagram.png>]
</home/mackesmilian/Documents/FH/BACC/bachelorarbeit/src/images/pze-component-diagram.png, id=61, 3495.0575pt x 2147.02126pt>
File: /home/mackesmilian/Documents/FH/BACC/bachelorarbeit/src/images/pze-component-diagram.png Graphic file (type png)
<use /home/mackesmilian/Documents/FH/BACC/bachelorarbeit/src/images/pze-component-diagram.png>
Package pdftex.def Info: /home/mackesmilian/Documents/FH/BACC/bachelorarbeit/src/images/pze-component-diagram.png  used on input line 53.
(pdftex.def)             Requested size: 360.0pt x 221.13583pt.
</home/mackesmilian/Documents/FH/BACC/bachelorarbeit/src/images/pze-sequence-diagram.png, id=62, 6917.845pt x 4338.2075pt>
File: /home/mackesmilian/Documents/FH/BACC/bachelorarbeit/src/images/pze-sequence-diagram.png Graphic file (type png)
<use /home/mackesmilian/Documents/FH/BACC/bachelorarbeit/src/images/pze-sequence-diagram.png>
Package pdftex.def Info: /home/mackesmilian/Documents/FH/BACC/bachelorarbeit/src/images/pze-sequence-diagram.png  used on input line 67.
(pdftex.def)             Requested size: 360.0pt x 225.7271pt.
 [14 </home/mackesmilian/Documents/FH/BACC/bachelorarbeit/src/images/pze-component-diagram.png>]) (/home/mackesmilian/Documents/FH/BACC/bachelorarbeit/src/developing-with-electron.tex

Package xr Warning: 
No file main.tex.aux
LABELS NOT IMPORTED.
 on input line 1.

) [15 </home/mackesmilian/Documents/FH/BACC/bachelorarbeit/src/images/pze-sequence-diagram.png>] (/home/mackesmilian/Documents/FH/BACC/bachelorarbeit/src/developing-with-electron-creation.tex

Package xr Warning: 
No file main.tex.aux
LABELS NOT IMPORTED.
 on input line 1.

LaTeX Font Info:    Trying to load font information for T1+cmtt on input line 4.
(/usr/share/texlive/texmf-dist/tex/latex/base/t1cmtt.fd
File: t1cmtt.fd 2019/12/16 v2.5j Standard LaTeX font definitions
)
Overfull \hbox (1.33368pt too wide) in paragraph at lines 20--24
 [] \T1/cmr/m/n/10.95 As men-tioned the start-ing point for any Elec-tron ap-pli-ca-tion is a JavaScript
 []

[16]) (/home/mackesmilian/Documents/FH/BACC/bachelorarbeit/src/developing-with-electron-angular.tex

Package xr Warning: 
No file main.tex.aux
LABELS NOT IMPORTED.
 on input line 1.

[17] [18] [19] [20]) [21] [22] [23] (/home/mackesmilian/Documents/FH/BACC/bachelorarbeit/src/main.lof
Overfull \hbox (1.46892pt too wide) in paragraph at lines 4--4
 [][] []\T1/cmr/m/n/10.95 A sim-pli-fied rep-re-sen-ta-tion of Elec-tron's ar-chi-tec-ture. (Jensen, 
 []


Overfull \hbox (6.84857pt too wide) in paragraph at lines 6--6
 [][] []\T1/cmr/m/n/10.95 Number of in-ter-net users in the US from 2010 to 2025. (Statista, 
 []

)
\tf@lof=\write5
\openout5 = `main.lof'.

 [24] (/home/mackesmilian/Documents/FH/BACC/bachelorarbeit/src/main.aux)
Package logreq Info: Writing requests to 'main.run.xml'.
\openout1 = `main.run.xml'.

 ) 
Here is how much of TeX's memory you used:
 12976 strings out of 481239
 227930 string characters out of 5920376
 1003675 words of memory out of 5000000
 28079 multiletter control sequences out of 15000+600000
 544581 words of font info for 49 fonts, out of 8000000 for 9000
 1141 hyphenation exceptions out of 8191
 52i,7n,61p,867b,4720s stack positions out of 5000i,500n,10000p,200000b,80000s
{/usr/share/texmf/fonts/enc/dvips/cm-super/cm-super-t1.enc}{/usr/share/texmf/fonts/enc/dvips/cm-super/cm-super-ts1.enc}</usr/share/texmf/fonts/type1/public/cm-super/sfbx1095.pfb></usr/share/texmf/fonts/type1/public/cm-super/sfbx1200.pfb></usr/share/texmf/fonts/type1/public/cm-super/sfbx1440.pfb></usr/share/texmf/fonts/type1/public/cm-super/sfrm0600.pfb></usr/share/texmf/fonts/type1/public/cm-super/sfrm1095.pfb></usr/share/texmf/fonts/type1/public/cm-super/sfrm1200.pfb></usr/share/texmf/fonts/type1/public/cm-super/sfrm1728.pfb></usr/share/texmf/fonts/type1/public/cm-super/sfti1095.pfb></usr/share/texmf/fonts/type1/public/cm-super/sftt0900.pfb>
Output written on /home/mackesmilian/Documents/FH/BACC/bachelorarbeit/src/main.pdf (24 pages, 1401552 bytes).
PDF statistics:
 134 PDF objects out of 1000 (max. 8388607)
 86 compressed objects within 1 object stream
 0 named destinations out of 1000 (max. 500000)
 31 words of extra memory for PDF output out of 10000 (max. 10000000)

